<?xml version="1.0" encoding="UTF-8"?>
<testng-results skipped="0" failed="0" total="1" passed="1">
  <reporter-output>
  </reporter-output>
  <suite name="Default Suite" duration-ms="11225" started-at="2019-09-13T15:47:53Z" finished-at="2019-09-13T15:48:04Z">
    <groups>
    </groups>
    <test name="SeleniumForBeginners" duration-ms="11225" started-at="2019-09-13T15:47:53Z" finished-at="2019-09-13T15:48:04Z">
      <class name="cartPage.CartPageTest">
        <test-method status="PASS" signature="beforetest()[pri:0, instance:cartPage.CartPageTest@2f7a2457]" name="beforetest" is-config="true" duration-ms="3911" started-at="2019-09-13T11:47:53Z" finished-at="2019-09-13T11:47:57Z">
          <reporter-output>
          </reporter-output>
        </test-method> <!-- beforetest -->
        <test-method status="PASS" signature="verifyBlouseAddCartwithQuantity()[pri:0, instance:cartPage.CartPageTest@2f7a2457]" name="verifyBlouseAddCartwithQuantity" duration-ms="7306" started-at="2019-09-13T11:47:57Z" finished-at="2019-09-13T11:48:04Z">
          <reporter-output>
          </reporter-output>
        </test-method> <!-- verifyBlouseAddCartwithQuantity -->
      </class> <!-- cartPage.CartPageTest -->
    </test> <!-- SeleniumForBeginners -->
  </suite> <!-- Default Suite -->
</testng-results>
